<?xml version="1.0" encoding="UTF-8"?>
<testsuites name="jest tests" tests="30" failures="2" errors="0" time="40.478">
  <testsuite name="Tests of the {@ZodSchemaReifier} reify() method against the zod parse method" errors="0" failures="2" skipped="0" timestamp="2024-09-23T19:45:35" time="40.368" tests="30">
    <testcase classname="Tests of the {@ZodSchemaReifier} reify() method against the zod parse method Test the reify() returns a zod schema which successfully parses the test TypeScript Object which successfully pass the zod parse test" name="Tests of the {@ZodSchemaReifier} reify() method against the zod parse method Test the reify() returns a zod schema which successfully parses the test TypeScript Object which successfully pass the zod parse test" time="1.941">
    </testcase>
    <testcase classname="Tests of the {@ZodSchemaReifier} reify() method against the zod parse method Test the reify() returns a zod schema which successfully parses the test TypeScript Object which successfully pass the zod parse test" name="Tests of the {@ZodSchemaReifier} reify() method against the zod parse method Test the reify() returns a zod schema which successfully parses the test TypeScript Object which successfully pass the zod parse test" time="1.316">
    </testcase>
    <testcase classname="Tests of the {@ZodSchemaReifier} reify() method against the zod parse method Test the reify() returns a zod schema which successfully parses the test TypeScript Object which successfully pass the zod parse test" name="Tests of the {@ZodSchemaReifier} reify() method against the zod parse method Test the reify() returns a zod schema which successfully parses the test TypeScript Object which successfully pass the zod parse test" time="1.176">
    </testcase>
    <testcase classname="Tests of the {@ZodSchemaReifier} reify() method against the zod parse method Test the reify() returns a zod schema which successfully parses the test TypeScript Object which successfully pass the zod parse test" name="Tests of the {@ZodSchemaReifier} reify() method against the zod parse method Test the reify() returns a zod schema which successfully parses the test TypeScript Object which successfully pass the zod parse test" time="1.156">
    </testcase>
    <testcase classname="Tests of the {@ZodSchemaReifier} reify() method against the zod parse method Test the reify() returns a zod schema which successfully parses the test TypeScript Object which successfully pass the zod parse test" name="Tests of the {@ZodSchemaReifier} reify() method against the zod parse method Test the reify() returns a zod schema which successfully parses the test TypeScript Object which successfully pass the zod parse test" time="1.967">
    </testcase>
    <testcase classname="Tests of the {@ZodSchemaReifier} reify() method against the zod parse method Test the reify() returns a zod schema which successfully parses the test TypeScript Object which successfully pass the zod parse test" name="Tests of the {@ZodSchemaReifier} reify() method against the zod parse method Test the reify() returns a zod schema which successfully parses the test TypeScript Object which successfully pass the zod parse test" time="1.885">
    </testcase>
    <testcase classname="Tests of the {@ZodSchemaReifier} reify() method against the zod parse method Test the reify() returns a zod schema which successfully parses the test TypeScript Object which successfully pass the zod parse test" name="Tests of the {@ZodSchemaReifier} reify() method against the zod parse method Test the reify() returns a zod schema which successfully parses the test TypeScript Object which successfully pass the zod parse test" time="1.277">
    </testcase>
    <testcase classname="Tests of the {@ZodSchemaReifier} reify() method against the zod parse method Test the reify() returns a zod schema which successfully parses the test TypeScript Object which successfully pass the zod parse test" name="Tests of the {@ZodSchemaReifier} reify() method against the zod parse method Test the reify() returns a zod schema which successfully parses the test TypeScript Object which successfully pass the zod parse test" time="1.29">
    </testcase>
    <testcase classname="Tests of the {@ZodSchemaReifier} reify() method against the zod parse method Test the reify() returns a zod schema which successfully parses the test TypeScript Object which successfully pass the zod parse test" name="Tests of the {@ZodSchemaReifier} reify() method against the zod parse method Test the reify() returns a zod schema which successfully parses the test TypeScript Object which successfully pass the zod parse test" time="0.987">
    </testcase>
    <testcase classname="Tests of the {@ZodSchemaReifier} reify() method against the zod parse method Test the reify() returns a zod schema which successfully parses the test TypeScript Object which successfully pass the zod parse test" name="Tests of the {@ZodSchemaReifier} reify() method against the zod parse method Test the reify() returns a zod schema which successfully parses the test TypeScript Object which successfully pass the zod parse test" time="1.113">
    </testcase>
    <testcase classname="Tests of the {@ZodSchemaReifier} reify() method against the zod parse method Test the reify() returns a zod schema which successfully parses the test TypeScript Object which successfully pass the zod parse test" name="Tests of the {@ZodSchemaReifier} reify() method against the zod parse method Test the reify() returns a zod schema which successfully parses the test TypeScript Object which successfully pass the zod parse test" time="1.329">
    </testcase>
    <testcase classname="Tests of the {@ZodSchemaReifier} reify() method against the zod parse method Test the reify() returns a zod schema which successfully parses the test TypeScript Object which successfully pass the zod parse test" name="Tests of the {@ZodSchemaReifier} reify() method against the zod parse method Test the reify() returns a zod schema which successfully parses the test TypeScript Object which successfully pass the zod parse test" time="1.332">
    </testcase>
    <testcase classname="Tests of the {@ZodSchemaReifier} reify() method against the zod parse method Test the reify() returns a zod schema which successfully parses the test TypeScript Object which successfully pass the zod parse test" name="Tests of the {@ZodSchemaReifier} reify() method against the zod parse method Test the reify() returns a zod schema which successfully parses the test TypeScript Object which successfully pass the zod parse test" time="1.549">
    </testcase>
    <testcase classname="Tests of the {@ZodSchemaReifier} reify() method against the zod parse method Test the reify() returns a zod schema which successfully parses the test TypeScript Object which successfully pass the zod parse test" name="Tests of the {@ZodSchemaReifier} reify() method against the zod parse method Test the reify() returns a zod schema which successfully parses the test TypeScript Object which successfully pass the zod parse test" time="0.979">
    </testcase>
    <testcase classname="Tests of the {@ZodSchemaReifier} reify() method against the zod parse method Test the reify() returns a zod schema which successfully parses the test TypeScript Object which successfully pass the zod parse test" name="Tests of the {@ZodSchemaReifier} reify() method against the zod parse method Test the reify() returns a zod schema which successfully parses the test TypeScript Object which successfully pass the zod parse test" time="0.94">
    </testcase>
    <testcase classname="Tests of the {@ZodSchemaReifier} reify() method against the zod parse method Test the reify() returns a zod schema which successfully parses the test TypeScript Object which successfully pass the zod parse test" name="Tests of the {@ZodSchemaReifier} reify() method against the zod parse method Test the reify() returns a zod schema which successfully parses the test TypeScript Object which successfully pass the zod parse test" time="0.941">
    </testcase>
    <testcase classname="Tests of the {@ZodSchemaReifier} reify() method against the zod parse method Test the reify() returns a zod schema which successfully parses the test TypeScript Object which successfully pass the zod parse test" name="Tests of the {@ZodSchemaReifier} reify() method against the zod parse method Test the reify() returns a zod schema which successfully parses the test TypeScript Object which successfully pass the zod parse test" time="0.997">
    </testcase>
    <testcase classname="Tests of the {@ZodSchemaReifier} reify() method against the zod parse method Test the reify() returns a zod schema which successfully parses the test TypeScript Object which successfully pass the zod parse test" name="Tests of the {@ZodSchemaReifier} reify() method against the zod parse method Test the reify() returns a zod schema which successfully parses the test TypeScript Object which successfully pass the zod parse test" time="0.949">
    </testcase>
    <testcase classname="Tests of the {@ZodSchemaReifier} reify() method against the zod parse method Test the reify() returns a zod schema which successfully parses the test TypeScript Object which successfully pass the zod parse test" name="Tests of the {@ZodSchemaReifier} reify() method against the zod parse method Test the reify() returns a zod schema which successfully parses the test TypeScript Object which successfully pass the zod parse test" time="0.951">
    </testcase>
    <testcase classname="Tests of the {@ZodSchemaReifier} reify() method against the zod parse method Test the reify() returns a zod schema which successfully parses the test TypeScript Object which successfully pass the zod parse test" name="Tests of the {@ZodSchemaReifier} reify() method against the zod parse method Test the reify() returns a zod schema which successfully parses the test TypeScript Object which successfully pass the zod parse test" time="0.951">
    </testcase>
    <testcase classname="Tests of the {@ZodSchemaReifier} reify() method against the zod parse method Test the reify() returns a zod schema which successfully parses the test TypeScript Object which successfully pass the zod parse test" name="Tests of the {@ZodSchemaReifier} reify() method against the zod parse method Test the reify() returns a zod schema which successfully parses the test TypeScript Object which successfully pass the zod parse test" time="0.957">
    </testcase>
    <testcase classname="Tests of the {@ZodSchemaReifier} reify() method against the zod parse method Test the reify() returns a zod schema which successfully parses the test TypeScript Object which successfully pass the zod parse test" name="Tests of the {@ZodSchemaReifier} reify() method against the zod parse method Test the reify() returns a zod schema which successfully parses the test TypeScript Object which successfully pass the zod parse test" time="0.969">
    </testcase>
    <testcase classname="Tests of the {@ZodSchemaReifier} reify() method against the zod parse method Test the reify() returns a zod schema which successfully parses the test TypeScript Object which successfully pass the zod parse test" name="Tests of the {@ZodSchemaReifier} reify() method against the zod parse method Test the reify() returns a zod schema which successfully parses the test TypeScript Object which successfully pass the zod parse test" time="0.961">
    </testcase>
    <testcase classname="Tests of the {@ZodSchemaReifier} reify() method against the zod parse method Test the reify() returns a zod schema which successfully parses the test TypeScript Object which successfully pass the zod parse test" name="Tests of the {@ZodSchemaReifier} reify() method against the zod parse method Test the reify() returns a zod schema which successfully parses the test TypeScript Object which successfully pass the zod parse test" time="0.964">
    </testcase>
    <testcase classname="Tests of the {@ZodSchemaReifier} reify() method against the zod parse method Test the reify() returns a zod schema which successfully parses the test TypeScript Object which successfully pass the zod parse test" name="Tests of the {@ZodSchemaReifier} reify() method against the zod parse method Test the reify() returns a zod schema which successfully parses the test TypeScript Object which successfully pass the zod parse test" time="0.966">
      <failure>Error: expect(received).toBe(expected) // Object.is equality

Expected: true
Received: false
    at C:\Users\Utilisateur\pesto-zod\tests\reify\ZodSchemaReifier.test.ts:1664:9
    at Object.&lt;anonymous&gt; (C:\Users\Utilisateur\pesto-zod\node_modules\.pnpm\jest-each@29.7.0\node_modules\jest-each\build\bind.js:81:13)
    at Promise.then.completed (C:\Users\Utilisateur\pesto-zod\node_modules\.pnpm\jest-circus@29.7.0\node_modules\jest-circus\build\utils.js:298:28)
    at new Promise (&lt;anonymous&gt;)
    at callAsyncCircusFn (C:\Users\Utilisateur\pesto-zod\node_modules\.pnpm\jest-circus@29.7.0\node_modules\jest-circus\build\utils.js:231:10)
    at _callCircusTest (C:\Users\Utilisateur\pesto-zod\node_modules\.pnpm\jest-circus@29.7.0\node_modules\jest-circus\build\run.js:316:40)
    at processTicksAndRejections (node:internal/process/task_queues:95:5)
    at async _runTest (C:\Users\Utilisateur\pesto-zod\node_modules\.pnpm\jest-circus@29.7.0\node_modules\jest-circus\build\run.js:252:3)
    at async _runTestsForDescribeBlock (C:\Users\Utilisateur\pesto-zod\node_modules\.pnpm\jest-circus@29.7.0\node_modules\jest-circus\build\run.js:126:9)
    at async _runTestsForDescribeBlock (C:\Users\Utilisateur\pesto-zod\node_modules\.pnpm\jest-circus@29.7.0\node_modules\jest-circus\build\run.js:121:9)
    at async _runTestsForDescribeBlock (C:\Users\Utilisateur\pesto-zod\node_modules\.pnpm\jest-circus@29.7.0\node_modules\jest-circus\build\run.js:121:9)
    at async run (C:\Users\Utilisateur\pesto-zod\node_modules\.pnpm\jest-circus@29.7.0\node_modules\jest-circus\build\run.js:71:3)
    at async runAndTransformResultsToJestFormat (C:\Users\Utilisateur\pesto-zod\node_modules\.pnpm\jest-circus@29.7.0\node_modules\jest-circus\build\legacy-code-todo-rewrite\jestAdapterInit.js:122:21)
    at async jestAdapter (C:\Users\Utilisateur\pesto-zod\node_modules\.pnpm\jest-circus@29.7.0\node_modules\jest-circus\build\legacy-code-todo-rewrite\jestAdapter.js:79:19)
    at async runTestInternal (C:\Users\Utilisateur\pesto-zod\node_modules\.pnpm\jest-runner@29.7.0\node_modules\jest-runner\build\runTest.js:367:16)
    at async runTest (C:\Users\Utilisateur\pesto-zod\node_modules\.pnpm\jest-runner@29.7.0\node_modules\jest-runner\build\runTest.js:444:34)</failure>
    </testcase>
    <testcase classname="Tests of the {@ZodSchemaReifier} reify() method against the zod parse method Test the reify() returns a zod schema which successfully parses the test TypeScript Object which successfully pass the zod parse test" name="Tests of the {@ZodSchemaReifier} reify() method against the zod parse method Test the reify() returns a zod schema which successfully parses the test TypeScript Object which successfully pass the zod parse test" time="0.969">
      <failure>Error: expect(received).toBe(expected) // Object.is equality

Expected: true
Received: false
    at C:\Users\Utilisateur\pesto-zod\tests\reify\ZodSchemaReifier.test.ts:1664:9
    at Object.&lt;anonymous&gt; (C:\Users\Utilisateur\pesto-zod\node_modules\.pnpm\jest-each@29.7.0\node_modules\jest-each\build\bind.js:81:13)
    at Promise.then.completed (C:\Users\Utilisateur\pesto-zod\node_modules\.pnpm\jest-circus@29.7.0\node_modules\jest-circus\build\utils.js:298:28)
    at new Promise (&lt;anonymous&gt;)
    at callAsyncCircusFn (C:\Users\Utilisateur\pesto-zod\node_modules\.pnpm\jest-circus@29.7.0\node_modules\jest-circus\build\utils.js:231:10)
    at _callCircusTest (C:\Users\Utilisateur\pesto-zod\node_modules\.pnpm\jest-circus@29.7.0\node_modules\jest-circus\build\run.js:316:40)
    at processTicksAndRejections (node:internal/process/task_queues:95:5)
    at async _runTest (C:\Users\Utilisateur\pesto-zod\node_modules\.pnpm\jest-circus@29.7.0\node_modules\jest-circus\build\run.js:252:3)
    at async _runTestsForDescribeBlock (C:\Users\Utilisateur\pesto-zod\node_modules\.pnpm\jest-circus@29.7.0\node_modules\jest-circus\build\run.js:126:9)
    at async _runTestsForDescribeBlock (C:\Users\Utilisateur\pesto-zod\node_modules\.pnpm\jest-circus@29.7.0\node_modules\jest-circus\build\run.js:121:9)
    at async _runTestsForDescribeBlock (C:\Users\Utilisateur\pesto-zod\node_modules\.pnpm\jest-circus@29.7.0\node_modules\jest-circus\build\run.js:121:9)
    at async run (C:\Users\Utilisateur\pesto-zod\node_modules\.pnpm\jest-circus@29.7.0\node_modules\jest-circus\build\run.js:71:3)
    at async runAndTransformResultsToJestFormat (C:\Users\Utilisateur\pesto-zod\node_modules\.pnpm\jest-circus@29.7.0\node_modules\jest-circus\build\legacy-code-todo-rewrite\jestAdapterInit.js:122:21)
    at async jestAdapter (C:\Users\Utilisateur\pesto-zod\node_modules\.pnpm\jest-circus@29.7.0\node_modules\jest-circus\build\legacy-code-todo-rewrite\jestAdapter.js:79:19)
    at async runTestInternal (C:\Users\Utilisateur\pesto-zod\node_modules\.pnpm\jest-runner@29.7.0\node_modules\jest-runner\build\runTest.js:367:16)
    at async runTest (C:\Users\Utilisateur\pesto-zod\node_modules\.pnpm\jest-runner@29.7.0\node_modules\jest-runner\build\runTest.js:444:34)</failure>
    </testcase>
    <testcase classname="Tests of the {@ZodSchemaReifier} reify() method against the zod-matter parse method Test the reify() returns a zod schema which successfully extracts the frontmatter from the test markdown which successfully pass the zod parse test [{&quot;expectedFrontmatter&quot;: [Array], &quot;name&quot;: &quot;Test #3: markdown frontmatter extraction zodSchema3&quot;, &quot;testMarkdown&quot;: &quot;---

- voila: oh que oui
- voila: ça marche vraiment!
---

# Hello Pesto ZodSchemaReifier!
&quot;, &quot;zodMatterShouldThrow&quot;: false, &quot;zodSchema&quot;: [ZodNullable], &quot;zodSchemaAsText&quot;: &quot;z
  .object({
    voila: z.string(),
  })
  .array()
  .optional()
  .nullable()&quot;}]" name="Tests of the {@ZodSchemaReifier} reify() method against the zod-matter parse method Test the reify() returns a zod schema which successfully extracts the frontmatter from the test markdown which successfully pass the zod parse test [{&quot;expectedFrontmatter&quot;: [Array], &quot;name&quot;: &quot;Test #3: markdown frontmatter extraction zodSchema3&quot;, &quot;testMarkdown&quot;: &quot;---

- voila: oh que oui
- voila: ça marche vraiment!
---

# Hello Pesto ZodSchemaReifier!
&quot;, &quot;zodMatterShouldThrow&quot;: false, &quot;zodSchema&quot;: [ZodNullable], &quot;zodSchemaAsText&quot;: &quot;z
  .object({
    voila: z.string(),
  })
  .array()
  .optional()
  .nullable()&quot;}]" time="1.129">
    </testcase>
    <testcase classname="Tests of the {@ZodSchemaReifier} reify() method against the zod-matter parse method Test the reify() returns a zod schema which successfully extracts the frontmatter from the test markdown which successfully pass the zod parse test [{&quot;expectedFrontmatter&quot;: [Object], &quot;name&quot;: &quot;Test #4: markdown frontmatter extraction zodSchema4&quot;, &quot;testMarkdown&quot;: &quot;---

title: HiDeoo

hereAnother: 

  reseau: 

    cesar: 

      - marc

      - aurèle

      - auguste

  imLackingIdea: true

  itsForATest: false

tags: 

  - william

  - the

  - conquerer

another: true

exampleCategory:

  - - joe

    - alfred

    - alvin

  - - thirteen

    - hundred

    - books

  - - going

    - overseas

    - together

example2Category: 

  - false

  - true

  - false

example3Category: 

  - 7684464125145

  - 26454943684684

  - 1516546884648

example4Category: 

  - 7684464125145

  - 26454943684684

  - 1516546884648

image: \&quot;./images/paysages/puydedome.png\&quot;

somethingElseNested:

  firstname: 

    - Jean-Baptiste

    - Marie

    - Éric

  lastname: Lasselle

  color: yellow

  two: false

  three: 

    - 56

    - 789

    - 159

  four: 

    - 15

    - 46

    - 739

  example1Categories: 

    - design

    - terraform

    - plugin

  example2Categories: 

    first:

      - joe

      - alfred

      - alvin

    second:

      - thirteen

      - hundred

      - books

    third:

      - going

      - overseas

      - together

department: 

  divisionName: CCOE

  secrecyTags: 
    - LEVEL3
 
    - NOCOPY

---

# Hello Pesto ZodSchemaReifier!
&quot;, &quot;zodMatterShouldThrow&quot;: false, &quot;zodSchema&quot;: [ZodOptional], &quot;zodSchemaAsText&quot;: &quot;z
  .object({
    title: z.string(),
    hereAnother: z.object({
      reseau: z.object({
        cesar: z.array(z.string()),
      }),
      imLackingIdea: z.boolean().optional(),
      itsForATest: z.boolean(),
    }),
    tags: z.array(z.string()),
    another: z.boolean().nullish(),
    exampleCategory: z.array(z.array(z.string().nullable())).optional(),
    example2Category: z.nullable(z.array(z.boolean())).optional(),
    example3Category: z.optional(z.number()).array(),
    example4Category: z.array(z.number()).optional(),
    image: z.string().optional(),
    somethingElseNested: z.object({
      firstname: z.string().array(),
      lastname: z.string(),
      color: z.string(),
      two: z.boolean().optional(),
      three: z.number().array().optional(),
      four: z.array(z.number()).optional(),
    }),
    department: z.object({
      divisionName: z.string(),
      secrecyTags: z.array(z.string()).optional(),
    }),
  })
  .optional()&quot;}]" name="Tests of the {@ZodSchemaReifier} reify() method against the zod-matter parse method Test the reify() returns a zod schema which successfully extracts the frontmatter from the test markdown which successfully pass the zod parse test [{&quot;expectedFrontmatter&quot;: [Object], &quot;name&quot;: &quot;Test #4: markdown frontmatter extraction zodSchema4&quot;, &quot;testMarkdown&quot;: &quot;---

title: HiDeoo

hereAnother: 

  reseau: 

    cesar: 

      - marc

      - aurèle

      - auguste

  imLackingIdea: true

  itsForATest: false

tags: 

  - william

  - the

  - conquerer

another: true

exampleCategory:

  - - joe

    - alfred

    - alvin

  - - thirteen

    - hundred

    - books

  - - going

    - overseas

    - together

example2Category: 

  - false

  - true

  - false

example3Category: 

  - 7684464125145

  - 26454943684684

  - 1516546884648

example4Category: 

  - 7684464125145

  - 26454943684684

  - 1516546884648

image: \&quot;./images/paysages/puydedome.png\&quot;

somethingElseNested:

  firstname: 

    - Jean-Baptiste

    - Marie

    - Éric

  lastname: Lasselle

  color: yellow

  two: false

  three: 

    - 56

    - 789

    - 159

  four: 

    - 15

    - 46

    - 739

  example1Categories: 

    - design

    - terraform

    - plugin

  example2Categories: 

    first:

      - joe

      - alfred

      - alvin

    second:

      - thirteen

      - hundred

      - books

    third:

      - going

      - overseas

      - together

department: 

  divisionName: CCOE

  secrecyTags: 
    - LEVEL3
 
    - NOCOPY

---

# Hello Pesto ZodSchemaReifier!
&quot;, &quot;zodMatterShouldThrow&quot;: false, &quot;zodSchema&quot;: [ZodOptional], &quot;zodSchemaAsText&quot;: &quot;z
  .object({
    title: z.string(),
    hereAnother: z.object({
      reseau: z.object({
        cesar: z.array(z.string()),
      }),
      imLackingIdea: z.boolean().optional(),
      itsForATest: z.boolean(),
    }),
    tags: z.array(z.string()),
    another: z.boolean().nullish(),
    exampleCategory: z.array(z.array(z.string().nullable())).optional(),
    example2Category: z.nullable(z.array(z.boolean())).optional(),
    example3Category: z.optional(z.number()).array(),
    example4Category: z.array(z.number()).optional(),
    image: z.string().optional(),
    somethingElseNested: z.object({
      firstname: z.string().array(),
      lastname: z.string(),
      color: z.string(),
      two: z.boolean().optional(),
      three: z.number().array().optional(),
      four: z.array(z.number()).optional(),
    }),
    department: z.object({
      divisionName: z.string(),
      secrecyTags: z.array(z.string()).optional(),
    }),
  })
  .optional()&quot;}]" time="2.216">
    </testcase>
    <testcase classname="Tests of the {@ZodSchemaReifier} reify() method against the zod-matter parse method Test the reify() returns a zod schema which successfully extracts the frontmatter from the test markdown which successfully pass the zod parse test [{&quot;expectedFrontmatter&quot;: [Object], &quot;name&quot;: &quot;Test #5: markdown frontmatter extraction zodSchema5&quot;, &quot;testMarkdown&quot;: &quot;---

title: HiDeoo

hereAnother:

  reseau:

    cesar:

      - marc

      - aurèle

      - auguste

  imLackingIdea: true

  itsForATest: false

tags: 

  - william

  - the

  - conquerer

another: true

exampleCategory:

  - - joe

    - alfred

    - alvin

  - - thirteen

    - hundred

    - books

  - - going

    - overseas

    - together

example2Category: 

  - false

  - true

  - false

example3Category: 

  - 7684464125145

  - 26454943684684

  - 1516546884648

example4Category: 

  - 7684464125145

  - 26454943684684

  - 1516546884648

image: \&quot;./images/paysages/puydedome.png\&quot;

somethingElseNested:

  firstname: 

    - Jean-Baptiste

    - Marie

    - Éric

  lastname: Lasselle

  color: yellow

  two: false

  three: 

    - 56

    - 789

    - 159

  four: 

    - 15

    - 46

    - 739

  example1Categories: 

    - design

    - terraform

    - plugin

  example2Categories: 

    first:

      - joe

      - alfred

      - alvin

    second:

      - thirteen

      - hundred

      - books

    third:

      - going

      - overseas

      - together

department: 

  divisionName: CCOE

  secrecyTags: 
    - LEVEL3
 
    - NOCOPY

---

# Hello Pesto ZodSchemaReifier!
&quot;, &quot;zodMatterShouldThrow&quot;: false, &quot;zodSchema&quot;: [ZodObject], &quot;zodSchemaAsText&quot;: &quot;z
  .object({
    title: z.string(),
    hereAnother: z.object({
      reseau: z.object({
        cesar: z.array(z.string()),
      }),
      imLackingIdea: z.boolean().optional(),
      itsForATest: z.boolean(),
    }),
    tags: z.array(z.string()),
    another: z.boolean().nullish(),
    exampleCategory: z.array(z.array(z.string().nullable())).optional(),
    example2Category: z.nullable(z.array(z.boolean())).optional(),
    example3Category: z.optional(z.number()).array(),
    example4Category: z.array(z.number()).optional(),
    image: z.string().optional(),
    somethingElseNested: z.object({
      firstname: z.string().array(),
      lastname: z.string(),
      color: z.string(),
      two: z.boolean().optional(),
      three: z.number().array().optional(),
      four: z.array(z.number()).optional(),
    }),
    department: z.object({
      divisionName: z.string(),
      secrecyTags: z.array(z.string()).optional(),
    }),
  })&quot;}]" name="Tests of the {@ZodSchemaReifier} reify() method against the zod-matter parse method Test the reify() returns a zod schema which successfully extracts the frontmatter from the test markdown which successfully pass the zod parse test [{&quot;expectedFrontmatter&quot;: [Object], &quot;name&quot;: &quot;Test #5: markdown frontmatter extraction zodSchema5&quot;, &quot;testMarkdown&quot;: &quot;---

title: HiDeoo

hereAnother:

  reseau:

    cesar:

      - marc

      - aurèle

      - auguste

  imLackingIdea: true

  itsForATest: false

tags: 

  - william

  - the

  - conquerer

another: true

exampleCategory:

  - - joe

    - alfred

    - alvin

  - - thirteen

    - hundred

    - books

  - - going

    - overseas

    - together

example2Category: 

  - false

  - true

  - false

example3Category: 

  - 7684464125145

  - 26454943684684

  - 1516546884648

example4Category: 

  - 7684464125145

  - 26454943684684

  - 1516546884648

image: \&quot;./images/paysages/puydedome.png\&quot;

somethingElseNested:

  firstname: 

    - Jean-Baptiste

    - Marie

    - Éric

  lastname: Lasselle

  color: yellow

  two: false

  three: 

    - 56

    - 789

    - 159

  four: 

    - 15

    - 46

    - 739

  example1Categories: 

    - design

    - terraform

    - plugin

  example2Categories: 

    first:

      - joe

      - alfred

      - alvin

    second:

      - thirteen

      - hundred

      - books

    third:

      - going

      - overseas

      - together

department: 

  divisionName: CCOE

  secrecyTags: 
    - LEVEL3
 
    - NOCOPY

---

# Hello Pesto ZodSchemaReifier!
&quot;, &quot;zodMatterShouldThrow&quot;: false, &quot;zodSchema&quot;: [ZodObject], &quot;zodSchemaAsText&quot;: &quot;z
  .object({
    title: z.string(),
    hereAnother: z.object({
      reseau: z.object({
        cesar: z.array(z.string()),
      }),
      imLackingIdea: z.boolean().optional(),
      itsForATest: z.boolean(),
    }),
    tags: z.array(z.string()),
    another: z.boolean().nullish(),
    exampleCategory: z.array(z.array(z.string().nullable())).optional(),
    example2Category: z.nullable(z.array(z.boolean())).optional(),
    example3Category: z.optional(z.number()).array(),
    example4Category: z.array(z.number()).optional(),
    image: z.string().optional(),
    somethingElseNested: z.object({
      firstname: z.string().array(),
      lastname: z.string(),
      color: z.string(),
      two: z.boolean().optional(),
      three: z.number().array().optional(),
      four: z.array(z.number()).optional(),
    }),
    department: z.object({
      divisionName: z.string(),
      secrecyTags: z.array(z.string()).optional(),
    }),
  })&quot;}]" time="1.859">
    </testcase>
    <testcase classname="Tests of the {@ZodSchemaReifier} reify() method against the zod-matter parse method Test the reify() returns a zod schema which successfully extracts the frontmatter from the test markdown [{&quot;expectedFrontmatter&quot;: [Array], &quot;name&quot;: &quot;Test #6: markdown frontmatter extraction zodSchema6&quot;, &quot;testMarkdown&quot;: undefined, &quot;zodMatterShouldThrow&quot;: true, &quot;zodSchema&quot;: [ZodTuple], &quot;zodSchemaAsText&quot;: &quot;z.tuple([
      z.object({first: z.array(z.string())}),
      z.object({second: z.array(z.string())}),
      z.object({third: z.array(z.string())}),
    ])&quot;}] should throw an error because zod matter parse does not accept zod tuples as input schema" name="Tests of the {@ZodSchemaReifier} reify() method against the zod-matter parse method Test the reify() returns a zod schema which successfully extracts the frontmatter from the test markdown [{&quot;expectedFrontmatter&quot;: [Array], &quot;name&quot;: &quot;Test #6: markdown frontmatter extraction zodSchema6&quot;, &quot;testMarkdown&quot;: undefined, &quot;zodMatterShouldThrow&quot;: true, &quot;zodSchema&quot;: [ZodTuple], &quot;zodSchemaAsText&quot;: &quot;z.tuple([
      z.object({first: z.array(z.string())}),
      z.object({second: z.array(z.string())}),
      z.object({third: z.array(z.string())}),
    ])&quot;}] should throw an error because zod matter parse does not accept zod tuples as input schema" time="1.21">
    </testcase>
  </testsuite>
</testsuites>